android/app/build/outputs/logs/manifest-merger-debug-report.txt
-- Merging decision tree log ---
manifest
ADDED from src/main/AndroidManifest.xml:1:1-26:12
	package
		ADDED from src/main/AndroidManifest.xml:2:5-30
		INJECTED from src/main/AndroidManifest.xml
		INJECTED from src/main/AndroidManifest.xml
	android:versionName
		INJECTED from src/main/AndroidManifest.xml
		INJECTED from src/main/AndroidManifest.xml
	xmlns:android
		ADDED from src/main/AndroidManifest.xml:1:11-69
	android:versionCode
		INJECTED from src/main/AndroidManifest.xml
		INJECTED from src/main/AndroidManifest.xml
uses-permission#android.permission.INTERNET
ADDED from src/main/AndroidManifest.xml:4:5-67
MERGED from [com.payumoney.sdkui:plug-n-play:1.0.0] AndroidManifest.xml:12:5-67
MERGED from [com.payumoney.graphics:asset-download-sdk:0.1.9] AndroidManifest.xml:11:5-67
MERGED from [com.payumoney.core:payumoney-sdk:7.0.1] AndroidManifest.xml:15:5-67
	android:name
		ADDED from src/main/AndroidManifest.xml:4:22-64
uses-permission#android.permission.SYSTEM_ALERT_WINDOW
ADDED from src/main/AndroidManifest.xml:5:5-77
MERGED from [com.facebook.react:react-native:0.55.4] AndroidManifest.xml:11:5-78
	android:name
		ADDED from src/main/AndroidManifest.xml:5:22-75
application
ADDED from src/main/AndroidManifest.xml:7:5-24:19
MERGED from [incredibles:react-native-payumoney:unspecified] AndroidManifest.xml:11:5-13:19
MERGED from [com.payumoney.sdkui:plug-n-play:1.0.0] AndroidManifest.xml:16:5-25:19
MERGED from [com.github.aakira:expandable-layout:1.6.0] AndroidManifest.xml:12:5-20
MERGED from [com.payumoney.graphics:asset-download-sdk:0.1.9] AndroidManifest.xml:13:5-17:19
MERGED from [com.payumoney.core:payumoney-sdk:7.0.1] AndroidManifest.xml:21:5-25:19
MERGED from [com.android.volley:volley:1.0.0] AndroidManifest.xml:9:5-20
MERGED from [com.android.support:cardview-v7:23.2.1] AndroidManifest.xml:22:5-20
MERGED from [com.payu.custombrowser:payu-custom-browser:6.1.3] AndroidManifest.xml:16:5-23:19
MERGED from [com.payu.magicretry:magicretry:1.0.5] AndroidManifest.xml:11:5-22:19
MERGED from [com.android.support:design:23.2.1] AndroidManifest.xml:22:5-20
MERGED from [com.facebook.react:react-native:0.55.4] AndroidManifest.xml:13:5-20
MERGED from [com.android.support:appcompat-v7:23.2.1] AndroidManifest.xml:25:5-20
MERGED from [com.android.support:animated-vector-drawable:23.2.1] AndroidManifest.xml:7:5-20
MERGED from [com.android.support:support-vector-drawable:23.2.1] AndroidManifest.xml:7:5-20
MERGED from [com.android.support:support-v4:23.2.1] AndroidManifest.xml:22:5-20
MERGED from [com.facebook.soloader:soloader:0.1.0] AndroidManifest.xml:3:3-17
MERGED from [org.webkit:android-jsc:r174650] AndroidManifest.xml:2:3-17
	android:label
		ADDED from src/main/AndroidManifest.xml:9:7-39
	android:supportsRtl
		ADDED from [com.payumoney.graphics:asset-download-sdk:0.1.9] AndroidManifest.xml:16:9-35
	android:windowSoftInputMode
		ADDED from [com.payumoney.core:payumoney-sdk:7.0.1] AndroidManifest.xml:23:9-48
	android:allowBackup
		ADDED from src/main/AndroidManifest.xml:11:7-34
		REJECTED from [com.payumoney.graphics:asset-download-sdk:0.1.9] AndroidManifest.xml:14:9-35
	android:icon
		ADDED from src/main/AndroidManifest.xml:10:7-41
	android:theme
		ADDED from src/main/AndroidManifest.xml:12:7-38
	tools:replace
		ADDED from [com.payumoney.sdkui:plug-n-play:1.0.0] AndroidManifest.xml:18:9-44
	android:name
		ADDED from src/main/AndroidManifest.xml:8:7-38
activity#com.incredibles.MainActivity
ADDED from src/main/AndroidManifest.xml:13:7-22:18
	android:label
		ADDED from src/main/AndroidManifest.xml:15:9-41
	android:windowSoftInputMode
		ADDED from src/main/AndroidManifest.xml:17:9-51
	android:configChanges
		ADDED from src/main/AndroidManifest.xml:16:9-79
	android:name
		ADDED from src/main/AndroidManifest.xml:14:9-37
intent-filter#android.intent.action.MAIN+android.intent.category.LAUNCHER
ADDED from src/main/AndroidManifest.xml:18:9-21:25
action#android.intent.action.MAIN
ADDED from src/main/AndroidManifest.xml:19:13-65
	android:name
		ADDED from src/main/AndroidManifest.xml:19:21-62
category#android.intent.category.LAUNCHER
ADDED from src/main/AndroidManifest.xml:20:13-73
	android:name
		ADDED from src/main/AndroidManifest.xml:20:23-70
activity#com.facebook.react.devsupport.DevSettingsActivity
ADDED from src/main/AndroidManifest.xml:23:7-84
	android:name
		ADDED from src/main/AndroidManifest.xml:23:17-81
uses-sdk
INJECTED from src/main/AndroidManifest.xml reason: use-sdk injection requested
MERGED from [incredibles:react-native-payumoney:unspecified] AndroidManifest.xml:7:5-9:41
MERGED from [com.payumoney.sdkui:plug-n-play:1.0.0] AndroidManifest.xml:8:5-10:41
MERGED from [com.github.aakira:expandable-layout:1.6.0] AndroidManifest.xml:8:5-10:41
MERGED from [com.payumoney.graphics:asset-download-sdk:0.1.9] AndroidManifest.xml:7:5-9:41
MERGED from [com.payumoney.core:payumoney-sdk:7.0.1] AndroidManifest.xml:7:5-9:41
MERGED from [com.android.volley:volley:1.0.0] AndroidManifest.xml:7:5-43
MERGED from [com.android.support:cardview-v7:23.2.1] AndroidManifest.xml:20:5-43
MERGED from [com.payu.custombrowser:payu-custom-browser:6.1.3] AndroidManifest.xml:7:5-9:41
MERGED from [com.payu.magicretry:magicretry:1.0.5] AndroidManifest.xml:7:5-9:41
MERGED from [com.android.support:design:23.2.1] AndroidManifest.xml:20:5-43
MERGED from [com.android.support:recyclerview-v7:23.2.1] AndroidManifest.xml:20:5-43
MERGED from [com.facebook.react:react-native:0.55.4] AndroidManifest.xml:7:5-9:41
MERGED from [com.android.support:appcompat-v7:23.2.1] AndroidManifest.xml:21:5-23:78
MERGED from [com.android.support:animated-vector-drawable:23.2.1] AndroidManifest.xml:5:5-44
MERGED from [com.android.support:support-vector-drawable:23.2.1] AndroidManifest.xml:5:5-43
MERGED from [com.android.support:support-v4:23.2.1] AndroidManifest.xml:20:5-43
MERGED from [com.facebook.fbui.textlayoutbuilder:textlayoutbuilder:1.0.0] AndroidManifest.xml:14:5-16:41
MERGED from [com.facebook.fresco:fresco:1.3.0] AndroidManifest.xml:5:5-7:41
MERGED from [com.facebook.fresco:drawee:1.3.0] AndroidManifest.xml:5:5-7:41
MERGED from [com.facebook.fresco:imagepipeline-okhttp3:1.3.0] AndroidManifest.xml:5:5-7:41
MERGED from [com.facebook.fresco:imagepipeline:1.3.0] AndroidManifest.xml:5:5-7:41
MERGED from [com.facebook.fresco:imagepipeline-base:1.3.0] AndroidManifest.xml:5:5-7:41
MERGED from [com.facebook.fresco:fbcore:1.3.0] AndroidManifest.xml:5:5-7:41
MERGED from [com.facebook.soloader:soloader:0.1.0] AndroidManifest.xml:2:3-70
	tools:overrideLibrary
		ADDED from [com.android.support:appcompat-v7:23.2.1] AndroidManifest.xml:23:9-75
	android:targetSdkVersion
		INJECTED from src/main/AndroidManifest.xml
		INJECTED from src/main/AndroidManifest.xml
	android:minSdkVersion
		INJECTED from src/main/AndroidManifest.xml
		INJECTED from src/main/AndroidManifest.xml
activity#superinfotech.suraj.reactnativepayumoney.PayActivity
ADDED from [incredibles:react-native-payumoney:unspecified] AndroidManifest.xml:12:9-89
	android:name
		ADDED from [incredibles:react-native-payumoney:unspecified] AndroidManifest.xml:12:19-86
uses-permission#android.permission.RECEIVE_SMS
ADDED from [com.payumoney.sdkui:plug-n-play:1.0.0] AndroidManifest.xml:13:5-70
MERGED from [com.payumoney.core:payumoney-sdk:7.0.1] AndroidManifest.xml:14:5-70
MERGED from [com.payu.custombrowser:payu-custom-browser:6.1.3] AndroidManifest.xml:12:5-14:47
	android:protectionLevel
		ADDED from [com.payu.custombrowser:payu-custom-browser:6.1.3] AndroidManifest.xml:14:9-44
	android:name
		ADDED from [com.payumoney.sdkui:plug-n-play:1.0.0] AndroidManifest.xml:13:22-67
uses-permission#android.permission.ACCESS_NETWORK_STATE
ADDED from [com.payumoney.sdkui:plug-n-play:1.0.0] AndroidManifest.xml:14:5-79
MERGED from [com.payu.custombrowser:payu-custom-browser:6.1.3] AndroidManifest.xml:11:5-79
	android:name
		ADDED from [com.payumoney.sdkui:plug-n-play:1.0.0] AndroidManifest.xml:14:22-76
activity#com.payumoney.sdkui.ui.activities.PayUmoneyActivity
ADDED from [com.payumoney.sdkui:plug-n-play:1.0.0] AndroidManifest.xml:19:9-24:55
	android:screenOrientation
		ADDED from [com.payumoney.sdkui:plug-n-play:1.0.0] AndroidManifest.xml:22:13-49
	android:label
		ADDED from [com.payumoney.sdkui:plug-n-play:1.0.0] AndroidManifest.xml:21:13-58
	android:windowSoftInputMode
		ADDED from [com.payumoney.sdkui:plug-n-play:1.0.0] AndroidManifest.xml:24:13-52
	android:theme
		ADDED from [com.payumoney.sdkui:plug-n-play:1.0.0] AndroidManifest.xml:23:13-53
	android:name
		ADDED from [com.payumoney.sdkui:plug-n-play:1.0.0] AndroidManifest.xml:20:13-79
uses-permission#android.permission.ACCESS_COARSE_LOCATION
ADDED from [com.payumoney.core:payumoney-sdk:7.0.1] AndroidManifest.xml:11:5-81
	android:name
		ADDED from [com.payumoney.core:payumoney-sdk:7.0.1] AndroidManifest.xml:11:22-78
uses-permission#android.permission.ACCESS_FINE_LOCATION
ADDED from [com.payumoney.core:payumoney-sdk:7.0.1] AndroidManifest.xml:12:5-79
	android:name
		ADDED from [com.payumoney.core:payumoney-sdk:7.0.1] AndroidManifest.xml:12:22-76
uses-permission#android.permission.ACCESS_WIFI_STATE
ADDED from [com.payumoney.core:payumoney-sdk:7.0.1] AndroidManifest.xml:13:5-76
	android:name
		ADDED from [com.payumoney.core:payumoney-sdk:7.0.1] AndroidManifest.xml:13:22-73
uses-feature#android.hardware.telephony
ADDED from [com.payumoney.core:payumoney-sdk:7.0.1] AndroidManifest.xml:17:5-19:36
	android:required
		ADDED from [com.payumoney.core:payumoney-sdk:7.0.1] AndroidManifest.xml:19:9-33
	android:name
		ADDED from [com.payumoney.core:payumoney-sdk:7.0.1] AndroidManifest.xml:18:9-50
activity#com.payumoney.core.SdkWebViewActivityNew
ADDED from [com.payumoney.core:payumoney-sdk:7.0.1] AndroidManifest.xml:24:9-77
	android:name
		ADDED from [com.payumoney.core:payumoney-sdk:7.0.1] AndroidManifest.xml:24:19-74
activity#com.payu.custombrowser.CBActivity
ADDED from [com.payu.custombrowser:payu-custom-browser:6.1.3] AndroidManifest.xml:17:9-20:63
	android:screenOrientation
		ADDED from [com.payu.custombrowser:payu-custom-browser:6.1.3] AndroidManifest.xml:19:13-49
	android:windowSoftInputMode
		ADDED from [com.payu.custombrowser:payu-custom-browser:6.1.3] AndroidManifest.xml:20:13-60
	android:name
		ADDED from [com.payu.custombrowser:payu-custom-browser:6.1.3] AndroidManifest.xml:18:13-61
service#com.payu.custombrowser.services.SnoozeService
ADDED from [com.payu.custombrowser:payu-custom-browser:6.1.3] AndroidManifest.xml:22:9-81
	android:name
		ADDED from [com.payu.custombrowser:payu-custom-browser:6.1.3] AndroidManifest.xml:22:18-78
activity#com.payu.magicretry.MainActivity
ADDED from [com.payu.magicretry:magicretry:1.0.5] AndroidManifest.xml:12:9-21:20
	android:name
		ADDED from [com.payu.magicretry:magicretry:1.0.5] AndroidManifest.xml:12:19-66
android:uses-permission#android.permission.WRITE_EXTERNAL_STORAGE
IMPLIED from src/main/AndroidManifest.xml:1:1-26:12 reason: org.webkit.android_jsc has a targetSdkVersion < 4
android:uses-permission#android.permission.READ_PHONE_STATE
IMPLIED from src/main/AndroidManifest.xml:1:1-26:12 reason: org.webkit.android_jsc has a targetSdkVersion < 4
android:uses-permission#android.permission.READ_EXTERNAL_STORAGE
IMPLIED from src/main/AndroidManifest.xml:1:1-26:12 reason: org.webkit.android_jsc requested WRITE_EXTERNAL_STORAGE